2024-03-21 21:30:05,339 [INFO] Activator:176 - 


2024-03-21 21:30:05,340 [INFO] Activator:177 - !SESSION log4j initialized
2024-03-21 21:30:06,695 [INFO] LogOutputStream:77 - [STDOUT_REDIRECT] 
2024-03-21 21:30:07,970 [INFO] ApplicationProperties:184 - Using Application install path: C:\ST\STM32CubeIDE_1.14.1\STM32CubeIDE\plugins\com.st.stm32cube.common.mx_6.10.0.202311202037
2024-03-21 21:30:07,980 [INFO] DbMcusXml:78 - Set database path to: C:\ST\STM32CubeIDE_1.14.1\STM32CubeIDE\plugins\com.st.stm32cube.common.mx_6.10.0.202311202037\\db\/mcu/
2024-03-21 21:30:07,981 [INFO] ApiDb:274 - Set plugin database path to: C:\ST\STM32CubeIDE_1.14.1\STM32CubeIDE\plugins\com.st.stm32cube.common.mx_6.10.0.202311202037\\db\/plugins/boardmanager/
2024-03-21 21:30:07,981 [WARN] ApiDb:259 - Overriding images path with different value:  => C:\ST\STM32CubeIDE_1.14.1\STM32CubeIDE\plugins\com.st.stm32cube.common.mx_6.10.0.202311202037\\db\/plugins/mcufinder/images/
2024-03-21 21:30:07,984 [INFO] ApiDb:250 - Set database path to: C:\Users\INVINCIBLE\.stmcufinder\plugins\mcufinder//mcu/
2024-03-21 21:30:07,984 [INFO] DbMcusAds:125 - Set database path to: C:\Users\INVINCIBLE\.stmcufinder\plugins\mcufinder//mcu/
2024-03-21 21:30:07,985 [INFO] CrossReferenceDbSqlite:203 - Set database path to: C:\Users\INVINCIBLE\.stmcufinder\plugins\mcufinder//mcu/cs/
2024-03-21 21:30:08,044 [INFO] RulesReader:64 - Compatibility file has been processed (297 Rules)
2024-03-21 21:30:08,091 [INFO] DbMcusXml:78 - Set database path to: C:\ST\STM32CubeIDE_1.14.1\STM32CubeIDE\plugins\com.st.stm32cube.common.mx_6.10.0.202311202037\\db\/mcu/
2024-03-21 21:30:08,091 [INFO] ApiDb:274 - Set plugin database path to: C:\ST\STM32CubeIDE_1.14.1\STM32CubeIDE\plugins\com.st.stm32cube.common.mx_6.10.0.202311202037\\db\/plugins/boardmanager/
2024-03-21 21:30:08,091 [INFO] ApiDb:261 - Set plugin images path to: C:\ST\STM32CubeIDE_1.14.1\STM32CubeIDE\plugins\com.st.stm32cube.common.mx_6.10.0.202311202037\\db\/plugins/mcufinder/images/
2024-03-21 21:30:08,091 [WARN] DbFile:41 - Overriding database path with different value: C:\Users\INVINCIBLE\.stmcufinder\plugins\mcufinder/ => C:\Users\INVINCIBLE\.stmcufinder\plugins\mcufinder
2024-03-21 21:30:08,092 [INFO] ApiDb:250 - Set database path to: C:\Users\INVINCIBLE\.stmcufinder\plugins\mcufinder//mcu/
2024-03-21 21:30:08,092 [WARN] DbFile:41 - Overriding database path with different value: C:\Users\INVINCIBLE\.stmcufinder\plugins\mcufinder/ => C:\Users\INVINCIBLE\.stmcufinder\plugins\mcufinder
2024-03-21 21:30:08,092 [INFO] DbMcusAds:125 - Set database path to: C:\Users\INVINCIBLE\.stmcufinder\plugins\mcufinder//mcu/
2024-03-21 21:30:08,092 [WARN] DbFile:41 - Overriding database path with different value: C:\Users\INVINCIBLE\.stmcufinder\plugins\mcufinder/ => C:\Users\INVINCIBLE\.stmcufinder\plugins\mcufinder
2024-03-21 21:30:08,092 [WARN] DbFile:41 - Overriding database path with different value: C:\Users\INVINCIBLE\.stmcufinder\plugins\mcufinder/ => C:\Users\INVINCIBLE\.stmcufinder\plugins\mcufinder
2024-03-21 21:30:08,092 [INFO] CrossReferenceDbSqlite:203 - Set database path to: C:\Users\INVINCIBLE\.stmcufinder\plugins\mcufinder//mcu/cs/
2024-03-21 21:30:08,134 [INFO] MainPanel:264 - HeapMemory: 268435456
2024-03-21 21:30:08,173 [INFO] DbMcusXml:78 - Set database path to: C:\ST\STM32CubeIDE_1.14.1\STM32CubeIDE\plugins\com.st.stm32cube.common.mx_6.10.0.202311202037\\db\/mcu/
2024-03-21 21:30:08,173 [INFO] ApiDb:274 - Set plugin database path to: C:\ST\STM32CubeIDE_1.14.1\STM32CubeIDE\plugins\com.st.stm32cube.common.mx_6.10.0.202311202037\\db\/plugins/boardmanager/
2024-03-21 21:30:08,173 [INFO] ApiDb:261 - Set plugin images path to: C:\ST\STM32CubeIDE_1.14.1\STM32CubeIDE\plugins\com.st.stm32cube.common.mx_6.10.0.202311202037\\db\/plugins/mcufinder/images/
2024-03-21 21:30:08,173 [WARN] DbFile:41 - Overriding database path with different value: C:\Users\INVINCIBLE\.stmcufinder\plugins\mcufinder/ => C:\Users\INVINCIBLE\.stmcufinder\plugins\mcufinder
2024-03-21 21:30:08,173 [INFO] ApiDb:250 - Set database path to: C:\Users\INVINCIBLE\.stmcufinder\plugins\mcufinder//mcu/
2024-03-21 21:30:08,174 [WARN] DbFile:41 - Overriding database path with different value: C:\Users\INVINCIBLE\.stmcufinder\plugins\mcufinder/ => C:\Users\INVINCIBLE\.stmcufinder\plugins\mcufinder
2024-03-21 21:30:08,174 [INFO] DbMcusAds:125 - Set database path to: C:\Users\INVINCIBLE\.stmcufinder\plugins\mcufinder//mcu/
2024-03-21 21:30:08,174 [WARN] DbFile:41 - Overriding database path with different value: C:\Users\INVINCIBLE\.stmcufinder\plugins\mcufinder/ => C:\Users\INVINCIBLE\.stmcufinder\plugins\mcufinder
2024-03-21 21:30:08,174 [WARN] DbFile:41 - Overriding database path with different value: C:\Users\INVINCIBLE\.stmcufinder\plugins\mcufinder/ => C:\Users\INVINCIBLE\.stmcufinder\plugins\mcufinder
2024-03-21 21:30:08,174 [INFO] CrossReferenceDbSqlite:203 - Set database path to: C:\Users\INVINCIBLE\.stmcufinder\plugins\mcufinder//mcu/cs/
2024-03-21 21:30:08,185 [INFO] ApplicationProperties:184 - Using Application install path: C:\ST\STM32CubeIDE_1.14.1\STM32CubeIDE\plugins\com.st.stm32cube.common.mx_6.10.0.202311202037
2024-03-21 21:30:08,186 [INFO] PluginManage:196 - Search for loadable plugins [exclusion list=, ]
2024-03-21 21:30:08,186 [INFO] PluginManage:310 - Check plugin analytics
2024-03-21 21:30:08,284 [INFO] AnalyticsPlugin:253 - Accepted Software Licenses: 
2024-03-21 21:30:08,284 [INFO] AnalyticsPlugin:255 - Accepted CMSIS Pack Licenses: 
2024-03-21 21:30:08,284 [INFO] AnalyticsPlugin:257 - Accepted Firmware Licenses: FW.U5.1.4.0
2024-03-21 21:30:08,286 [INFO] PluginManage:359 - Loaded plugin analytics (category:tool,tabindex:-1)
2024-03-21 21:30:08,286 [INFO] PluginManage:310 - Check plugin cadmodel
2024-03-21 21:30:08,289 [INFO] CADModel:105 - Init CAD model plugin
2024-03-21 21:30:08,290 [INFO] PluginManage:359 - Loaded plugin cadmodel (category:power,tabindex:5)
2024-03-21 21:30:08,290 [INFO] PluginManage:310 - Check plugin clock
2024-03-21 21:30:08,295 [INFO] PluginManage:359 - Loaded plugin clock (category:base,tabindex:2)
2024-03-21 21:30:08,296 [INFO] PluginManage:310 - Check plugin ddr
2024-03-21 21:30:08,297 [INFO] PluginManage:359 - Loaded plugin ddr (category:tool,tabindex:6)
2024-03-21 21:30:08,297 [INFO] PluginManage:310 - Check plugin filemanager
2024-03-21 21:30:08,383 [INFO] PluginManage:359 - Loaded plugin filemanager (category:base,tabindex:10)
2024-03-21 21:30:08,384 [INFO] PluginManage:310 - Check plugin ipmanager
2024-03-21 21:30:08,389 [INFO] PluginManage:359 - Loaded plugin ipmanager (category:base,tabindex:5)
2024-03-21 21:30:08,389 [INFO] PluginManage:310 - Check plugin lpbam
2024-03-21 21:30:08,394 [INFO] PluginManage:359 - Loaded plugin lpbam (category:base,tabindex:0)
2024-03-21 21:30:08,394 [INFO] PluginManage:310 - Check plugin memorymap
2024-03-21 21:30:08,401 [INFO] PluginManage:359 - Loaded plugin memorymap (category:base,tabindex:4)
2024-03-21 21:30:08,401 [INFO] PluginManage:310 - Check plugin pinoutandconfiguration
2024-03-21 21:30:08,405 [INFO] PluginManage:359 - Loaded plugin pinoutandconfiguration (category:base,tabindex:1)
2024-03-21 21:30:08,405 [INFO] PluginManage:310 - Check plugin pinoutconfig
2024-03-21 21:30:08,478 [WARN] SupportedApi:132 - Cannot load RTOS API schema: s4s-elt-must-match.1: The content of 'definitions' must match (annotation?, (simpleType | complexType)?, (unique | key | keyref)*)). A problem was found starting at: attribute.
2024-03-21 21:30:08,550 [INFO] PluginManage:359 - Loaded plugin pinoutconfig (category:base,tabindex:0)
2024-03-21 21:30:08,550 [INFO] PluginManage:310 - Check plugin power
2024-03-21 21:30:08,554 [INFO] PluginManage:359 - Loaded plugin power (category:power,tabindex:4)
2024-03-21 21:30:08,555 [INFO] PluginManage:310 - Check plugin projectmanager
2024-03-21 21:30:08,564 [INFO] PluginManage:359 - Loaded plugin projectmanager (category:projectmanager,tabindex:3)
2024-03-21 21:30:08,564 [INFO] PluginManage:310 - Check plugin thirdparty
2024-03-21 21:30:08,628 [INFO] PluginManage:359 - Loaded plugin thirdparty (category:base,tabindex:-1)
2024-03-21 21:30:08,628 [INFO] PluginManage:310 - Check plugin tools
2024-03-21 21:30:08,628 [WARN] IntegrityCheckThread:84 - waiting for thirdparty lock release [integrity check]
2024-03-21 21:30:08,629 [INFO] IntegrityCheckThread:86 - entering critical section [integrity check]
2024-03-21 21:30:08,629 [INFO] ThirdPartyUpdaterWithRetryManager:70 - Updater plugin not ready yet. [1/15]
2024-03-21 21:30:08,630 [INFO] PluginManage:359 - Loaded plugin tools (category:base,tabindex:7)
2024-03-21 21:30:08,630 [INFO] PluginManage:310 - Check plugin tutovideos
2024-03-21 21:30:08,719 [INFO] PluginManage:359 - Loaded plugin tutovideos (category:base,tabindex:-1)
2024-03-21 21:30:08,719 [INFO] PluginManage:310 - Check plugin updater
2024-03-21 21:30:08,724 [INFO] PluginManage:359 - Loaded plugin updater (category:base,tabindex:12)
2024-03-21 21:30:08,725 [INFO] PluginManage:310 - Check plugin userauth
2024-03-21 21:30:08,727 [INFO] UserAuth:114 - Init User Auth plugin
2024-03-21 21:30:08,727 [INFO] PluginManage:359 - Loaded plugin userauth (category:base,tabindex:14)
2024-03-21 21:30:08,728 [INFO] PluginManage:283 - PluginManage : Loaded plugins [17]
2024-03-21 21:30:08,839 [INFO] PinOutPanel:1499 - setPackage(No Configuration,No Configuration)
2024-03-21 21:30:08,881 [INFO] CADModel:165 - CPN selected for project level
2024-03-21 21:30:08,881 [INFO] CADModel:114 - Register for checkConnection events
2024-03-21 21:30:08,890 [INFO] IPUIPlugin:80 - create IPUIPlugin
2024-03-21 21:30:08,890 [INFO] PluginManager:220 - loadIPPluginJar : add adc
2024-03-21 21:30:08,891 [INFO] IPUIPlugin:80 - create IPUIPlugin
2024-03-21 21:30:08,891 [INFO] PluginManager:220 - loadIPPluginJar : add aes
2024-03-21 21:30:08,893 [INFO] IPUIPlugin:80 - create IPUIPlugin
2024-03-21 21:30:08,893 [INFO] PluginManager:220 - loadIPPluginJar : add can
2024-03-21 21:30:08,893 [INFO] IPUIPlugin:80 - create IPUIPlugin
2024-03-21 21:30:08,893 [INFO] PluginManager:220 - loadIPPluginJar : add comp
2024-03-21 21:30:08,894 [INFO] IPUIPlugin:80 - create IPUIPlugin
2024-03-21 21:30:08,895 [INFO] PluginManager:220 - loadIPPluginJar : add cryp
2024-03-21 21:30:08,896 [INFO] IPUIPlugin:80 - create IPUIPlugin
2024-03-21 21:30:08,896 [INFO] PluginManager:220 - loadIPPluginJar : add dfsdm
2024-03-21 21:30:08,898 [INFO] IPUIPlugin:80 - create IPUIPlugin
2024-03-21 21:30:08,898 [INFO] PluginManager:220 - loadIPPluginJar : add dma
2024-03-21 21:30:08,900 [INFO] IPUIPlugin:80 - create IPUIPlugin
2024-03-21 21:30:08,900 [INFO] PluginManager:220 - loadIPPluginJar : add dma3
2024-03-21 21:30:08,900 [INFO] IPUIPlugin:80 - create IPUIPlugin
2024-03-21 21:30:08,900 [INFO] PluginManager:220 - loadIPPluginJar : add fatfs
2024-03-21 21:30:08,902 [INFO] IPUIPlugin:80 - create IPUIPlugin
2024-03-21 21:30:08,902 [INFO] PluginManager:220 - loadIPPluginJar : add fmc
2024-03-21 21:30:08,905 [INFO] IPUIPlugin:80 - create IPUIPlugin
2024-03-21 21:30:08,905 [INFO] PluginManager:220 - loadIPPluginJar : add freertos
2024-03-21 21:30:08,906 [INFO] IPUIPlugin:80 - create IPUIPlugin
2024-03-21 21:30:08,906 [INFO] PluginManager:220 - loadIPPluginJar : add genericplugin
2024-03-21 21:30:08,907 [INFO] IPUIPlugin:80 - create IPUIPlugin
2024-03-21 21:30:08,907 [INFO] PluginManager:220 - loadIPPluginJar : add gfxmmu
2024-03-21 21:30:08,909 [INFO] IPUIPlugin:80 - create IPUIPlugin
2024-03-21 21:30:08,909 [INFO] PluginManager:220 - loadIPPluginJar : add gic
2024-03-21 21:30:08,911 [INFO] IPUIPlugin:80 - create IPUIPlugin
2024-03-21 21:30:08,911 [INFO] PluginManager:220 - loadIPPluginJar : add gpio
2024-03-21 21:30:08,912 [INFO] IPUIPlugin:80 - create IPUIPlugin
2024-03-21 21:30:08,912 [INFO] PluginManager:220 - loadIPPluginJar : add gtzc
2024-03-21 21:30:08,913 [INFO] IPUIPlugin:80 - create IPUIPlugin
2024-03-21 21:30:08,914 [INFO] PluginManager:220 - loadIPPluginJar : add hash
2024-03-21 21:30:08,915 [INFO] IPUIPlugin:80 - create IPUIPlugin
2024-03-21 21:30:08,915 [INFO] PluginManager:220 - loadIPPluginJar : add i2c
2024-03-21 21:30:08,916 [INFO] IPUIPlugin:80 - create IPUIPlugin
2024-03-21 21:30:08,916 [INFO] PluginManager:220 - loadIPPluginJar : add i2s
2024-03-21 21:30:08,917 [INFO] IPUIPlugin:80 - create IPUIPlugin
2024-03-21 21:30:08,917 [INFO] PluginManager:220 - loadIPPluginJar : add i3c
2024-03-21 21:30:08,919 [INFO] IPUIPlugin:80 - create IPUIPlugin
2024-03-21 21:30:08,919 [INFO] PluginManager:220 - loadIPPluginJar : add ipddr
2024-03-21 21:30:08,922 [INFO] IPUIPlugin:80 - create IPUIPlugin
2024-03-21 21:30:08,922 [INFO] PluginManager:220 - loadIPPluginJar : add linkedlist
2024-03-21 21:30:08,923 [INFO] IPUIPlugin:80 - create IPUIPlugin
2024-03-21 21:30:08,924 [INFO] PluginManager:220 - loadIPPluginJar : add lorawan
2024-03-21 21:30:08,924 [INFO] IPUIPlugin:80 - create IPUIPlugin
2024-03-21 21:30:08,924 [INFO] PluginManager:220 - loadIPPluginJar : add ltdc
2024-03-21 21:30:08,927 [INFO] IPUIPlugin:80 - create IPUIPlugin
2024-03-21 21:30:08,927 [INFO] PluginManager:220 - loadIPPluginJar : add mdma
2024-03-21 21:30:08,929 [INFO] IPUIPlugin:80 - create IPUIPlugin
2024-03-21 21:30:08,929 [INFO] PluginManager:220 - loadIPPluginJar : add nvic
2024-03-21 21:30:08,930 [INFO] IPUIPlugin:80 - create IPUIPlugin
2024-03-21 21:30:08,930 [INFO] PluginManager:220 - loadIPPluginJar : add opamp
2024-03-21 21:30:08,932 [INFO] IPUIPlugin:80 - create IPUIPlugin
2024-03-21 21:30:08,932 [INFO] PluginManager:220 - loadIPPluginJar : add openamp
2024-03-21 21:30:08,933 [INFO] IPUIPlugin:80 - create IPUIPlugin
2024-03-21 21:30:08,933 [INFO] PluginManager:220 - loadIPPluginJar : add pdm2pcm
2024-03-21 21:30:08,936 [INFO] IPUIPlugin:80 - create IPUIPlugin
2024-03-21 21:30:08,937 [INFO] PluginManager:220 - loadIPPluginJar : add plateformsettings
2024-03-21 21:30:08,938 [INFO] IPUIPlugin:80 - create IPUIPlugin
2024-03-21 21:30:08,938 [INFO] PluginManager:220 - loadIPPluginJar : add quadspi
2024-03-21 21:30:08,940 [INFO] IPUIPlugin:80 - create IPUIPlugin
2024-03-21 21:30:08,940 [INFO] PluginManager:220 - loadIPPluginJar : add resmgrutility
2024-03-21 21:30:08,941 [INFO] IPUIPlugin:80 - create IPUIPlugin
2024-03-21 21:30:08,941 [INFO] PluginManager:220 - loadIPPluginJar : add sai
2024-03-21 21:30:08,943 [INFO] IPUIPlugin:80 - create IPUIPlugin
2024-03-21 21:30:08,943 [INFO] PluginManager:220 - loadIPPluginJar : add spi
2024-03-21 21:30:08,945 [INFO] IPUIPlugin:80 - create IPUIPlugin
2024-03-21 21:30:08,945 [INFO] PluginManager:220 - loadIPPluginJar : add stm32_wpan
2024-03-21 21:30:08,946 [INFO] IPUIPlugin:80 - create IPUIPlugin
2024-03-21 21:30:08,946 [INFO] PluginManager:220 - loadIPPluginJar : add tim
2024-03-21 21:30:08,947 [INFO] IPUIPlugin:80 - create IPUIPlugin
2024-03-21 21:30:08,947 [INFO] PluginManager:220 - loadIPPluginJar : add touchsensing
2024-03-21 21:30:08,948 [INFO] IPUIPlugin:80 - create IPUIPlugin
2024-03-21 21:30:08,948 [INFO] PluginManager:220 - loadIPPluginJar : add tracer_emb
2024-03-21 21:30:08,949 [INFO] IPUIPlugin:80 - create IPUIPlugin
2024-03-21 21:30:08,949 [INFO] PluginManager:220 - loadIPPluginJar : add ts
2024-03-21 21:30:08,950 [INFO] IPUIPlugin:80 - create IPUIPlugin
2024-03-21 21:30:08,950 [INFO] PluginManager:220 - loadIPPluginJar : add tsc
2024-03-21 21:30:08,951 [INFO] IPUIPlugin:80 - create IPUIPlugin
2024-03-21 21:30:08,951 [INFO] PluginManager:220 - loadIPPluginJar : add ucpd
2024-03-21 21:30:08,952 [INFO] IPUIPlugin:80 - create IPUIPlugin
2024-03-21 21:30:08,952 [INFO] PluginManager:220 - loadIPPluginJar : add usart
2024-03-21 21:30:08,953 [INFO] IPUIPlugin:80 - create IPUIPlugin
2024-03-21 21:30:08,953 [INFO] PluginManager:220 - loadIPPluginJar : add usbx
2024-03-21 21:30:09,057 [INFO] CADModel:165 - CPN selected for project level
2024-03-21 21:30:09,057 [INFO] CADModel:114 - Register for checkConnection events
2024-03-21 21:30:09,057 [FATAL] Updater:308 - Updater called before beeing initialized
2024-03-21 21:30:09,057 [ERROR] CADModel:125 - Updater not yet initialized, retry later 
2024-03-21 21:30:09,127 [INFO] CADModel:165 - CPN selected for project level
2024-03-21 21:30:09,127 [INFO] CADModel:114 - Register for checkConnection events
2024-03-21 21:30:09,127 [FATAL] Updater:308 - Updater called before beeing initialized
2024-03-21 21:30:09,127 [ERROR] CADModel:125 - Updater not yet initialized, retry later 
2024-03-21 21:30:09,129 [FATAL] Updater:308 - Updater called before beeing initialized
2024-03-21 21:30:09,181 [FATAL] Updater:308 - Updater called before beeing initialized
2024-03-21 21:30:09,184 [INFO] DbMcusAds:53 - JSON generation date=Wed Nov 29 19:52:27 KST 2023 (1701255147349)
2024-03-21 21:30:09,184 [FATAL] Updater:308 - Updater called before beeing initialized
2024-03-21 21:30:09,205 [WARN] DetailPanel:346 - Failed to get advertising image, set to default
2024-03-21 21:30:09,269 [FATAL] Updater:308 - Updater called before beeing initialized
2024-03-21 21:30:09,270 [FATAL] Updater:308 - Updater called before beeing initialized
2024-03-21 21:30:09,270 [FATAL] Updater:308 - Updater called before beeing initialized
2024-03-21 21:30:09,270 [WARN] DetailPanel:346 - Failed to get advertising image, set to default
2024-03-21 21:30:09,270 [FATAL] Updater:308 - Updater called before beeing initialized
2024-03-21 21:30:09,295 [ERROR] Updater:1120 - MainUpdater not yet initialized. External WinMGr cannot be set.
2024-03-21 21:30:09,296 [INFO] Updater:1056 - Updater Version found : 6.10.0
2024-03-21 21:30:09,307 [INFO] ApplicationProperties:184 - Using Application install path: C:\ST\STM32CubeIDE_1.14.1\STM32CubeIDE\plugins\com.st.stm32cube.common.mx_6.10.0.202311202037
2024-03-21 21:30:10,877 [ERROR] LogOutputStream:75 - [STDERR_REDIRECT] Mar 21, 2024 9:30:10 PM java.util.prefs.WindowsPreferences <init>
2024-03-21 21:30:10,878 [ERROR] LogOutputStream:75 - [STDERR_REDIRECT] WARNING: Could not open/create prefs root node Software\JavaSoft\Prefs at root 0xffffffff80000002. Windows RegCreateKeyEx(...) returned error code 5.
2024-03-21 21:30:10,879 [ERROR] LogOutputStream:75 - [STDERR_REDIRECT] 
2024-03-21 21:30:11,012 [INFO] MainUpdater:2873 - connection check result : 10
2024-03-21 21:30:11,012 [INFO] MainUpdater:290 - Updater Check For Update Now.
2024-03-21 21:30:11,012 [INFO] MicroXplorer:498 - Change Database Version : DB.6.0.100
2024-03-21 21:30:11,015 [INFO] McuFinderGlobals:63 - Set McuFinder mode to 2 (CubeIDE integrated)
2024-03-21 21:30:11,173 [INFO] CheckServerUpdateThread:120 - End of CheckServer Thread
2024-03-21 21:30:11,256 [INFO] UserAuth:404 - Internet connection configuration mode: 1
2024-03-21 21:30:11,263 [INFO] JxBrowserEngine:152 - Initiate JxBrowser Engine with user profile folder
2024-03-21 21:30:11,551 [INFO] WebApp:161 - Instantiating new browser for Auth
2024-03-21 21:30:11,727 [WARN] PackLoader:240 - Cannot read IP mode file for STMicroelectronics.X-CUBE-SMBUS.2.1.0
2024-03-21 21:30:11,747 [WARN] PackLoader:240 - Cannot read IP mode file for STMicroelectronics.X-CUBE-AZRTOS-F7.1.1.0
2024-03-21 21:30:11,758 [WARN] PackLoader:240 - Cannot read IP mode file for STMicroelectronics.FP-SNS-MOTENV1.4.3.2
2024-03-21 21:30:11,764 [WARN] PackLoader:240 - Cannot read IP mode file for STMicroelectronics.FP-SNS-FLIGHT1.5.0.2
2024-03-21 21:30:11,770 [WARN] PackLoader:240 - Cannot read IP mode file for STMicroelectronics.X-CUBE-DISPLAY.3.0.0
2024-03-21 21:30:11,782 [WARN] PackLoader:240 - Cannot read IP mode file for STMicroelectronics.X-CUBE-BLE1.7.0.0
2024-03-21 21:30:11,787 [WARN] PackLoader:240 - Cannot read IP mode file for STMicroelectronics.FP-SNS-SMARTAG2.1.2.0
2024-03-21 21:30:11,798 [INFO] LogOutputStream:77 - [STDOUT_REDIRECT] 1 : Invalid condition id : UX_CORESTACK_Condition cause : null
2024-03-21 21:30:11,799 [INFO] LogOutputStream:77 - [STDOUT_REDIRECT] 1 : Invalid condition id : UX_CORESTACK_Condition cause : null
2024-03-21 21:30:11,800 [INFO] LogOutputStream:77 - [STDOUT_REDIRECT] 1 : Invalid condition id : UX_CORESTACK_Condition cause : null
2024-03-21 21:30:11,801 [INFO] LogOutputStream:77 - [STDOUT_REDIRECT] 1 : Invalid condition id : UX_CORESTACK_Condition cause : null
2024-03-21 21:30:11,802 [INFO] LogOutputStream:77 - [STDOUT_REDIRECT] 1 : Invalid condition id : UX_CORESTACK_Condition cause : null
2024-03-21 21:30:11,810 [WARN] PackLoader:240 - Cannot read IP mode file for STMicroelectronics.X-CUBE-AZRTOS-WL.2.0.0
2024-03-21 21:30:11,818 [WARN] PackLoader:240 - Cannot read IP mode file for WES.I-CUBE-Cesium.1.3.0
2024-03-21 21:30:11,823 [WARN] PackLoader:240 - Cannot read IP mode file for STMicroelectronics.X-CUBE-BLE2.3.3.0
2024-03-21 21:30:11,830 [WARN] PackLoader:240 - Cannot read IP mode file for STMicroelectronics.X-CUBE-ALGOBUILD.1.3.0
2024-03-21 21:30:11,846 [WARN] PackLoader:240 - Cannot read IP mode file for STMicroelectronics.X-CUBE-AZRTOS-G0.1.1.0
2024-03-21 21:30:11,853 [WARN] PackLoader:240 - Cannot read IP mode file for STMicroelectronics.X-CUBE-NFC4.3.0.0
2024-03-21 21:30:11,859 [WARN] PackLoader:240 - Cannot read IP mode file for STMicroelectronics.FP-ATR-SIGFOX1.3.2.0
2024-03-21 21:30:11,910 [WARN] PackLoader:240 - Cannot read IP mode file for SEGGER.I-CUBE-embOS.1.3.1
2024-03-21 21:30:11,938 [WARN] PackLoader:240 - Cannot read IP mode file for STMicroelectronics.X-CUBE-GNSS1.6.0.0
2024-03-21 21:30:11,951 [WARN] PackLoader:240 - Cannot read IP mode file for STMicroelectronics.X-CUBE-AZRTOS-F4.1.1.0
2024-03-21 21:30:11,963 [WARN] PackLoader:240 - Cannot read IP mode file for STMicroelectronics.X-CUBE-AZRTOS-L5.2.0.0
2024-03-21 21:30:11,966 [INFO] WebApp:780 - Register for checkConnection events
2024-03-21 21:30:11,966 [INFO] WebApp:414 - Apply proxy settings
2024-03-21 21:30:11,966 [INFO] WebApp:499 - Chromium requires no authentication
2024-03-21 21:30:11,971 [WARN] PackLoader:240 - Cannot read IP mode file for STMicroelectronics.X-CUBE-NFC6.3.1.0
2024-03-21 21:30:11,974 [INFO] WebApp:442 - Direct internet connection detected
2024-03-21 21:30:11,977 [WARN] PackLoader:240 - Cannot read IP mode file for STMicroelectronics.X-CUBE-NFC7.1.0.1
2024-03-21 21:30:11,982 [WARN] PackLoader:240 - Cannot read IP mode file for STMicroelectronics.X-CUBE-NFC6.3.0.0
2024-03-21 21:30:11,987 [WARN] PackLoader:240 - Cannot read IP mode file for STMicroelectronics.X-CUBE-AI.8.1.0
2024-03-21 21:30:12,023 [WARN] ConditionMgr:438 - getConditionDescription Invalid condition id : LAN8742 Phy interface Condition cause : null
2024-03-21 21:30:12,024 [WARN] PackLoader:240 - Cannot read IP mode file for STMicroelectronics.X-CUBE-AZRTOS-L4.2.0.0
2024-03-21 21:30:12,025 [WARN] ConditionMgr:1039 - genDependencies : Invalid condition id : LAN8742 Phy interface Condition cause : null
2024-03-21 21:30:12,025 [WARN] ConditionMgr:1039 - genDependencies : Invalid condition id : LAN8742 Phy interface Condition cause : null
2024-03-21 21:30:12,026 [WARN] ConditionMgr:1039 - genDependencies : Invalid condition id : LAN8742 Phy interface Condition cause : null
2024-03-21 21:30:12,032 [WARN] PackLoader:240 - Cannot read IP mode file for STMicroelectronics.X-CUBE-SFXS2LP1.4.0.0
2024-03-21 21:30:12,040 [WARN] ConditionMgr:438 - getConditionDescription Invalid condition id : UX DEVICE CLASS RTOS Condition cause : null
2024-03-21 21:30:12,040 [WARN] ConditionMgr:438 - getConditionDescription Invalid condition id : UX DEVICE CLASS RTOS Condition cause : null
2024-03-21 21:30:12,041 [WARN] PackLoader:240 - Cannot read IP mode file for STMicroelectronics.X-CUBE-AZRTOS-WB.2.0.0
2024-03-21 21:30:12,041 [WARN] ConditionMgr:1039 - genDependencies : Invalid condition id : UX DEVICE CLASS RTOS Condition cause : null
2024-03-21 21:30:12,041 [WARN] ConditionMgr:1039 - genDependencies : Invalid condition id : UX DEVICE CLASS RTOS Condition cause : null
2024-03-21 21:30:12,041 [WARN] ConditionMgr:1039 - genDependencies : Invalid condition id : UX DEVICE CLASS RTOS Condition cause : null
2024-03-21 21:30:12,042 [WARN] ConditionMgr:1039 - genDependencies : Invalid condition id : UX DEVICE CLASS RTOS Condition cause : null
2024-03-21 21:30:12,042 [WARN] ConditionMgr:1039 - genDependencies : Invalid condition id : UX DEVICE CLASS RTOS Condition cause : null
2024-03-21 21:30:12,047 [WARN] PackLoader:240 - Cannot read IP mode file for STMicroelectronics.X-CUBE-SUBG2.5.0.0
2024-03-21 21:30:12,059 [WARN] PackLoader:240 - Cannot read IP mode file for STMicroelectronics.X-CUBE-AZRTOS-G4.2.0.0
2024-03-21 21:30:12,067 [WARN] PackLoader:240 - Cannot read IP mode file for Infineon.AIROC-Wi-Fi-Bluetooth-STM32.1.5.1
2024-03-21 21:30:12,091 [WARN] PackLoader:240 - Cannot read IP mode file for STMicroelectronics.X-CUBE-MEMS1.10.0.0
2024-03-21 21:30:12,152 [INFO] WebApp:192 - Starting web application
2024-03-21 21:30:12,152 [INFO] WebApp:544 - Web application path used C:\ST\STM32CubeIDE_1.14.1\STM32CubeIDE\plugins\com.st.stm32cube.common.mx_6.10.0.202311202037\db\plugins\mcufinder\reactClient1\index.html
2024-03-21 21:30:12,165 [WARN] PackLoader:240 - Cannot read IP mode file for STMicroelectronics.X-CUBE-FREERTOS.1.1.0
2024-03-21 21:30:12,168 [WARN] PackLoader:240 - Cannot read IP mode file for portGmbH.I-Cube-SoM-uGOAL.1.1.0
2024-03-21 21:30:12,172 [WARN] PackLoader:240 - Cannot read IP mode file for STMicroelectronics.X-CUBE-ALS.1.0.1
2024-03-21 21:30:12,175 [WARN] PackLoader:240 - Cannot read IP mode file for STMicroelectronics.FP-ATR-ASTRA1.2.0.0
2024-03-21 21:30:12,181 [WARN] PackLoader:240 - Cannot read IP mode file for STMicroelectronics.X-CUBE-TOF1.3.4.0
2024-03-21 21:30:12,193 [WARN] PackLoader:240 - Cannot read IP mode file for STMicroelectronics.X-CUBE-TOF1.3.4.1
2024-03-21 21:30:12,199 [INFO] ThirdParty:978 - Integrity check success = true
2024-03-21 21:30:12,199 [INFO] IntegrityCheckThread:100 - exiting critical section [integrity check]
2024-03-21 21:30:12,199 [INFO] IntegrityCheckThread:103 - End integrity checks thread
2024-03-21 21:30:32,688 [ERROR] LogOutputStream:75 - [STDERR_REDIRECT] SLF4J: Failed to load class "org.slf4j.impl.StaticLoggerBinder".
2024-03-21 21:30:32,689 [ERROR] LogOutputStream:75 - [STDERR_REDIRECT] SLF4J: Defaulting to no-operation (NOP) logger implementation
2024-03-21 21:30:32,691 [ERROR] LogOutputStream:75 - [STDERR_REDIRECT] SLF4J: See http://www.slf4j.org/codes.html#StaticLoggerBinder for further details.
2024-03-21 23:27:25,537 [ERROR] LogOutputStream:75 - [STDERR_REDIRECT] Warning: NLS missing message: GotoMatchingBracket_error_noMatchingBracket in: org.eclipse.ui.internal.genericeditor.messages
2024-03-21 23:27:25,538 [ERROR] LogOutputStream:75 - [STDERR_REDIRECT] Warning: NLS missing message: GotoMatchingBracket_error_bracketOutsideSelectedElement in: org.eclipse.ui.internal.genericeditor.messages
