2024-03-22 00:08:06,671 [ERROR] ConfigurationRetriever:142 - IOException on connection: sw-center.st.com
2024-03-22 00:08:06,685 [ERROR] ConfigurationRetriever:142 - IOException on connection: sw-center.st.com
2024-03-22 00:08:06,685 [ERROR] ConfigurationRetriever:142 - IOException on connection: sw-center.st.com
2024-03-22 00:11:27,747 [ERROR] ConfigurationRetriever:142 - IOException on connection: sw-center.st.com
2024-03-22 00:11:27,747 [ERROR] ConfigurationRetriever:142 - IOException on connection: sw-center.st.com
2024-03-22 00:11:27,748 [ERROR] ConfigurationRetriever:142 - IOException on connection: sw-center.st.com
2024-03-22 00:11:27,903 [ERROR] ConfigurationRetriever:142 - IOException on connection: sw-center.st.com
2024-03-22 00:11:27,904 [ERROR] ConfigurationRetriever:142 - IOException on connection: sw-center.st.com
2024-03-22 00:11:27,904 [ERROR] ConfigurationRetriever:142 - IOException on connection: sw-center.st.com
2024-03-22 00:11:28,209 [ERROR] ConfigurationRetriever:142 - IOException on connection: sw-center.st.com
2024-03-22 00:11:28,209 [ERROR] ConfigurationRetriever:142 - IOException on connection: sw-center.st.com
2024-03-22 00:11:28,210 [ERROR] ConfigurationRetriever:142 - IOException on connection: sw-center.st.com
2024-03-22 00:14:19,326 [ERROR] ConfigurationRetriever:142 - IOException on connection: sw-center.st.com
2024-03-22 00:14:19,327 [ERROR] ConfigurationRetriever:142 - IOException on connection: sw-center.st.com
2024-03-22 00:14:19,327 [ERROR] ConfigurationRetriever:142 - IOException on connection: sw-center.st.com
2024-03-22 00:14:19,572 [ERROR] ConfigurationRetriever:142 - IOException on connection: sw-center.st.com
2024-03-22 00:14:19,572 [ERROR] ConfigurationRetriever:142 - IOException on connection: sw-center.st.com
2024-03-22 00:14:19,572 [ERROR] ConfigurationRetriever:142 - IOException on connection: sw-center.st.com
2024-03-22 00:15:39,631 [ERROR] ConfigurationRetriever:142 - IOException on connection: sw-center.st.com
2024-03-22 00:15:39,632 [ERROR] ConfigurationRetriever:142 - IOException on connection: sw-center.st.com
2024-03-22 00:15:39,632 [ERROR] ConfigurationRetriever:142 - IOException on connection: sw-center.st.com
2024-03-22 00:17:19,699 [ERROR] ConfigurationRetriever:142 - IOException on connection: sw-center.st.com
2024-03-22 00:17:19,699 [ERROR] ConfigurationRetriever:142 - IOException on connection: sw-center.st.com
2024-03-22 00:17:19,700 [ERROR] ConfigurationRetriever:142 - IOException on connection: sw-center.st.com
2024-03-22 00:17:19,800 [ERROR] ConfigurationRetriever:142 - IOException on connection: sw-center.st.com
2024-03-22 00:17:19,800 [ERROR] ConfigurationRetriever:142 - IOException on connection: sw-center.st.com
2024-03-22 00:17:19,800 [ERROR] ConfigurationRetriever:142 - IOException on connection: sw-center.st.com
2024-03-22 00:17:27,196 [ERROR] ConfigurationRetriever:142 - IOException on connection: sw-center.st.com
2024-03-22 00:17:27,197 [ERROR] ConfigurationRetriever:142 - IOException on connection: sw-center.st.com
2024-03-22 00:17:27,197 [ERROR] ConfigurationRetriever:142 - IOException on connection: sw-center.st.com
2024-03-22 00:18:14,481 [ERROR] ConfigurationRetriever:142 - IOException on connection: sw-center.st.com
2024-03-22 00:18:14,481 [ERROR] ConfigurationRetriever:142 - IOException on connection: sw-center.st.com
2024-03-22 00:18:14,481 [ERROR] ConfigurationRetriever:142 - IOException on connection: sw-center.st.com
2024-03-22 00:18:37,025 [ERROR] ConfigurationRetriever:142 - IOException on connection: sw-center.st.com
2024-03-22 00:18:37,026 [ERROR] ConfigurationRetriever:142 - IOException on connection: sw-center.st.com
2024-03-22 00:18:37,026 [ERROR] ConfigurationRetriever:142 - IOException on connection: sw-center.st.com
2024-03-22 00:18:37,153 [ERROR] ConfigurationRetriever:142 - IOException on connection: sw-center.st.com
2024-03-22 00:18:37,154 [ERROR] ConfigurationRetriever:142 - IOException on connection: sw-center.st.com
2024-03-22 00:18:37,154 [ERROR] ConfigurationRetriever:142 - IOException on connection: sw-center.st.com
2024-03-22 00:18:37,474 [ERROR] ConfigurationRetriever:142 - IOException on connection: sw-center.st.com
2024-03-22 00:18:37,474 [ERROR] ConfigurationRetriever:142 - IOException on connection: sw-center.st.com
2024-03-22 00:18:37,474 [ERROR] ConfigurationRetriever:142 - IOException on connection: sw-center.st.com
2024-03-22 00:19:31,550 [ERROR] ConfigurationRetriever:142 - IOException on connection: sw-center.st.com
2024-03-22 00:19:31,550 [ERROR] ConfigurationRetriever:142 - IOException on connection: sw-center.st.com
2024-03-22 00:19:31,551 [ERROR] ConfigurationRetriever:142 - IOException on connection: sw-center.st.com
2024-03-22 00:20:10,284 [ERROR] ConfigurationRetriever:142 - IOException on connection: sw-center.st.com
2024-03-22 00:20:10,284 [ERROR] ConfigurationRetriever:142 - IOException on connection: sw-center.st.com
2024-03-22 00:20:10,284 [ERROR] ConfigurationRetriever:142 - IOException on connection: sw-center.st.com
2024-03-22 00:20:10,390 [ERROR] ConfigurationRetriever:142 - IOException on connection: sw-center.st.com
2024-03-22 00:20:10,390 [ERROR] ConfigurationRetriever:142 - IOException on connection: sw-center.st.com
2024-03-22 00:20:10,390 [ERROR] ConfigurationRetriever:142 - IOException on connection: sw-center.st.com
2024-03-22 00:20:10,724 [ERROR] ConfigurationRetriever:142 - IOException on connection: sw-center.st.com
2024-03-22 00:20:10,724 [ERROR] ConfigurationRetriever:142 - IOException on connection: sw-center.st.com
2024-03-22 00:20:10,725 [ERROR] ConfigurationRetriever:142 - IOException on connection: sw-center.st.com
2024-03-22 00:21:00,323 [ERROR] ConfigurationRetriever:142 - IOException on connection: sw-center.st.com
2024-03-22 00:21:00,323 [ERROR] ConfigurationRetriever:142 - IOException on connection: sw-center.st.com
2024-03-22 00:21:00,323 [ERROR] ConfigurationRetriever:142 - IOException on connection: sw-center.st.com
2024-03-22 00:21:33,544 [ERROR] ConfigurationRetriever:142 - IOException on connection: sw-center.st.com
2024-03-22 00:21:33,544 [ERROR] ConfigurationRetriever:142 - IOException on connection: sw-center.st.com
2024-03-22 00:21:33,544 [ERROR] ConfigurationRetriever:142 - IOException on connection: sw-center.st.com
2024-03-22 00:21:33,853 [ERROR] ConfigurationRetriever:142 - IOException on connection: sw-center.st.com
2024-03-22 00:21:33,853 [ERROR] ConfigurationRetriever:142 - IOException on connection: sw-center.st.com
2024-03-22 00:21:33,854 [ERROR] ConfigurationRetriever:142 - IOException on connection: sw-center.st.com
2024-03-22 00:28:07,363 [ERROR] ConfigurationRetriever:142 - IOException on connection: sw-center.st.com
2024-03-22 00:28:07,363 [ERROR] ConfigurationRetriever:142 - IOException on connection: sw-center.st.com
2024-03-22 00:28:07,363 [ERROR] ConfigurationRetriever:142 - IOException on connection: sw-center.st.com
2024-03-22 00:28:07,496 [ERROR] ConfigurationRetriever:142 - IOException on connection: sw-center.st.com
2024-03-22 00:28:07,497 [ERROR] ConfigurationRetriever:142 - IOException on connection: sw-center.st.com
2024-03-22 00:28:07,497 [ERROR] ConfigurationRetriever:142 - IOException on connection: sw-center.st.com
2024-03-22 00:28:50,222 [ERROR] ConfigurationRetriever:142 - IOException on connection: sw-center.st.com
2024-03-22 00:28:50,222 [ERROR] ConfigurationRetriever:142 - IOException on connection: sw-center.st.com
2024-03-22 00:28:50,222 [ERROR] ConfigurationRetriever:142 - IOException on connection: sw-center.st.com
2024-03-22 00:33:18,811 [ERROR] FilesUtils:157 - C:\Users\INVINCIBLE\.stmcube\.STM32CUBEIDE1.14.1Repository.ser: 다른 프로세스가 파일을 사용 중이기 때문에 프로세스가 액세스 할 수 없습니다
2024-03-22 00:33:20,177 [ERROR] LogOutputStream:75 - [STDERR_REDIRECT] 
2024-03-22 00:33:42,911 [INFO] Activator:176 - 


2024-03-22 00:33:42,913 [INFO] Activator:177 - !SESSION log4j initialized
2024-03-22 00:33:45,824 [INFO] LogOutputStream:77 - [STDOUT_REDIRECT] 
2024-03-22 00:33:46,901 [INFO] ApplicationProperties:184 - Using Application install path: C:\ST\STM32CubeIDE_1.14.1\STM32CubeIDE\plugins\com.st.stm32cube.common.mx_6.10.0.202311202037
2024-03-22 00:33:46,914 [INFO] DbMcusXml:78 - Set database path to: C:\ST\STM32CubeIDE_1.14.1\STM32CubeIDE\plugins\com.st.stm32cube.common.mx_6.10.0.202311202037\\db\/mcu/
2024-03-22 00:33:46,914 [INFO] ApiDb:274 - Set plugin database path to: C:\ST\STM32CubeIDE_1.14.1\STM32CubeIDE\plugins\com.st.stm32cube.common.mx_6.10.0.202311202037\\db\/plugins/boardmanager/
2024-03-22 00:33:46,914 [WARN] ApiDb:259 - Overriding images path with different value:  => C:\ST\STM32CubeIDE_1.14.1\STM32CubeIDE\plugins\com.st.stm32cube.common.mx_6.10.0.202311202037\\db\/plugins/mcufinder/images/
2024-03-22 00:33:46,918 [INFO] ApiDb:250 - Set database path to: C:\Users\INVINCIBLE\.stmcufinder\plugins\mcufinder//mcu/
2024-03-22 00:33:46,918 [INFO] DbMcusAds:125 - Set database path to: C:\Users\INVINCIBLE\.stmcufinder\plugins\mcufinder//mcu/
2024-03-22 00:33:46,919 [INFO] CrossReferenceDbSqlite:203 - Set database path to: C:\Users\INVINCIBLE\.stmcufinder\plugins\mcufinder//mcu/cs/
2024-03-22 00:33:46,974 [INFO] RulesReader:64 - Compatibility file has been processed (297 Rules)
2024-03-22 00:33:47,017 [INFO] DbMcusXml:78 - Set database path to: C:\ST\STM32CubeIDE_1.14.1\STM32CubeIDE\plugins\com.st.stm32cube.common.mx_6.10.0.202311202037\\db\/mcu/
2024-03-22 00:33:47,017 [INFO] ApiDb:274 - Set plugin database path to: C:\ST\STM32CubeIDE_1.14.1\STM32CubeIDE\plugins\com.st.stm32cube.common.mx_6.10.0.202311202037\\db\/plugins/boardmanager/
2024-03-22 00:33:47,017 [INFO] ApiDb:261 - Set plugin images path to: C:\ST\STM32CubeIDE_1.14.1\STM32CubeIDE\plugins\com.st.stm32cube.common.mx_6.10.0.202311202037\\db\/plugins/mcufinder/images/
2024-03-22 00:33:47,017 [WARN] DbFile:41 - Overriding database path with different value: C:\Users\INVINCIBLE\.stmcufinder\plugins\mcufinder/ => C:\Users\INVINCIBLE\.stmcufinder\plugins\mcufinder
2024-03-22 00:33:47,017 [INFO] ApiDb:250 - Set database path to: C:\Users\INVINCIBLE\.stmcufinder\plugins\mcufinder//mcu/
2024-03-22 00:33:47,017 [WARN] DbFile:41 - Overriding database path with different value: C:\Users\INVINCIBLE\.stmcufinder\plugins\mcufinder/ => C:\Users\INVINCIBLE\.stmcufinder\plugins\mcufinder
2024-03-22 00:33:47,018 [INFO] DbMcusAds:125 - Set database path to: C:\Users\INVINCIBLE\.stmcufinder\plugins\mcufinder//mcu/
2024-03-22 00:33:47,018 [WARN] DbFile:41 - Overriding database path with different value: C:\Users\INVINCIBLE\.stmcufinder\plugins\mcufinder/ => C:\Users\INVINCIBLE\.stmcufinder\plugins\mcufinder
2024-03-22 00:33:47,018 [WARN] DbFile:41 - Overriding database path with different value: C:\Users\INVINCIBLE\.stmcufinder\plugins\mcufinder/ => C:\Users\INVINCIBLE\.stmcufinder\plugins\mcufinder
2024-03-22 00:33:47,018 [INFO] CrossReferenceDbSqlite:203 - Set database path to: C:\Users\INVINCIBLE\.stmcufinder\plugins\mcufinder//mcu/cs/
2024-03-22 00:33:47,057 [INFO] MainPanel:264 - HeapMemory: 268435456
2024-03-22 00:33:47,094 [INFO] DbMcusXml:78 - Set database path to: C:\ST\STM32CubeIDE_1.14.1\STM32CubeIDE\plugins\com.st.stm32cube.common.mx_6.10.0.202311202037\\db\/mcu/
2024-03-22 00:33:47,094 [INFO] ApiDb:274 - Set plugin database path to: C:\ST\STM32CubeIDE_1.14.1\STM32CubeIDE\plugins\com.st.stm32cube.common.mx_6.10.0.202311202037\\db\/plugins/boardmanager/
2024-03-22 00:33:47,094 [INFO] ApiDb:261 - Set plugin images path to: C:\ST\STM32CubeIDE_1.14.1\STM32CubeIDE\plugins\com.st.stm32cube.common.mx_6.10.0.202311202037\\db\/plugins/mcufinder/images/
2024-03-22 00:33:47,095 [WARN] DbFile:41 - Overriding database path with different value: C:\Users\INVINCIBLE\.stmcufinder\plugins\mcufinder/ => C:\Users\INVINCIBLE\.stmcufinder\plugins\mcufinder
2024-03-22 00:33:47,095 [INFO] ApiDb:250 - Set database path to: C:\Users\INVINCIBLE\.stmcufinder\plugins\mcufinder//mcu/
2024-03-22 00:33:47,095 [WARN] DbFile:41 - Overriding database path with different value: C:\Users\INVINCIBLE\.stmcufinder\plugins\mcufinder/ => C:\Users\INVINCIBLE\.stmcufinder\plugins\mcufinder
2024-03-22 00:33:47,095 [INFO] DbMcusAds:125 - Set database path to: C:\Users\INVINCIBLE\.stmcufinder\plugins\mcufinder//mcu/
2024-03-22 00:33:47,095 [WARN] DbFile:41 - Overriding database path with different value: C:\Users\INVINCIBLE\.stmcufinder\plugins\mcufinder/ => C:\Users\INVINCIBLE\.stmcufinder\plugins\mcufinder
2024-03-22 00:33:47,095 [WARN] DbFile:41 - Overriding database path with different value: C:\Users\INVINCIBLE\.stmcufinder\plugins\mcufinder/ => C:\Users\INVINCIBLE\.stmcufinder\plugins\mcufinder
2024-03-22 00:33:47,095 [INFO] CrossReferenceDbSqlite:203 - Set database path to: C:\Users\INVINCIBLE\.stmcufinder\plugins\mcufinder//mcu/cs/
2024-03-22 00:33:47,105 [INFO] ApplicationProperties:184 - Using Application install path: C:\ST\STM32CubeIDE_1.14.1\STM32CubeIDE\plugins\com.st.stm32cube.common.mx_6.10.0.202311202037
2024-03-22 00:33:47,105 [INFO] PluginManage:196 - Search for loadable plugins [exclusion list=, ]
2024-03-22 00:33:47,106 [INFO] PluginManage:310 - Check plugin analytics
2024-03-22 00:33:47,195 [INFO] AnalyticsPlugin:253 - Accepted Software Licenses: 
2024-03-22 00:33:47,195 [INFO] AnalyticsPlugin:255 - Accepted CMSIS Pack Licenses: 
2024-03-22 00:33:47,195 [INFO] AnalyticsPlugin:257 - Accepted Firmware Licenses: FW.U5.1.4.0
2024-03-22 00:33:47,197 [INFO] PluginManage:359 - Loaded plugin analytics (category:tool,tabindex:-1)
2024-03-22 00:33:47,197 [INFO] PluginManage:310 - Check plugin cadmodel
2024-03-22 00:33:47,200 [INFO] CADModel:105 - Init CAD model plugin
2024-03-22 00:33:47,200 [INFO] PluginManage:359 - Loaded plugin cadmodel (category:power,tabindex:5)
2024-03-22 00:33:47,200 [INFO] PluginManage:310 - Check plugin clock
2024-03-22 00:33:47,205 [INFO] PluginManage:359 - Loaded plugin clock (category:base,tabindex:2)
2024-03-22 00:33:47,205 [INFO] PluginManage:310 - Check plugin ddr
2024-03-22 00:33:47,207 [INFO] PluginManage:359 - Loaded plugin ddr (category:tool,tabindex:6)
2024-03-22 00:33:47,207 [INFO] PluginManage:310 - Check plugin filemanager
2024-03-22 00:33:47,290 [INFO] PluginManage:359 - Loaded plugin filemanager (category:base,tabindex:10)
2024-03-22 00:33:47,290 [INFO] PluginManage:310 - Check plugin ipmanager
2024-03-22 00:33:47,294 [INFO] PluginManage:359 - Loaded plugin ipmanager (category:base,tabindex:5)
2024-03-22 00:33:47,294 [INFO] PluginManage:310 - Check plugin lpbam
2024-03-22 00:33:47,300 [INFO] PluginManage:359 - Loaded plugin lpbam (category:base,tabindex:0)
2024-03-22 00:33:47,300 [INFO] PluginManage:310 - Check plugin memorymap
2024-03-22 00:33:47,308 [INFO] PluginManage:359 - Loaded plugin memorymap (category:base,tabindex:4)
2024-03-22 00:33:47,308 [INFO] PluginManage:310 - Check plugin pinoutandconfiguration
2024-03-22 00:33:47,312 [INFO] PluginManage:359 - Loaded plugin pinoutandconfiguration (category:base,tabindex:1)
2024-03-22 00:33:47,312 [INFO] PluginManage:310 - Check plugin pinoutconfig
2024-03-22 00:33:47,366 [WARN] SupportedApi:132 - Cannot load RTOS API schema: s4s-elt-must-match.1: The content of 'definitions' must match (annotation?, (simpleType | complexType)?, (unique | key | keyref)*)). A problem was found starting at: attribute.
2024-03-22 00:33:47,454 [INFO] PluginManage:359 - Loaded plugin pinoutconfig (category:base,tabindex:0)
2024-03-22 00:33:47,455 [INFO] PluginManage:310 - Check plugin power
2024-03-22 00:33:47,461 [INFO] PluginManage:359 - Loaded plugin power (category:power,tabindex:4)
2024-03-22 00:33:47,461 [INFO] PluginManage:310 - Check plugin projectmanager
2024-03-22 00:33:47,471 [INFO] PluginManage:359 - Loaded plugin projectmanager (category:projectmanager,tabindex:3)
2024-03-22 00:33:47,471 [INFO] PluginManage:310 - Check plugin thirdparty
2024-03-22 00:33:47,538 [INFO] PluginManage:359 - Loaded plugin thirdparty (category:base,tabindex:-1)
2024-03-22 00:33:47,538 [INFO] PluginManage:310 - Check plugin tools
2024-03-22 00:33:47,538 [WARN] IntegrityCheckThread:84 - waiting for thirdparty lock release [integrity check]
2024-03-22 00:33:47,538 [INFO] IntegrityCheckThread:86 - entering critical section [integrity check]
2024-03-22 00:33:47,538 [INFO] ThirdPartyUpdaterWithRetryManager:70 - Updater plugin not ready yet. [1/15]
2024-03-22 00:33:47,539 [INFO] PluginManage:359 - Loaded plugin tools (category:base,tabindex:7)
2024-03-22 00:33:47,539 [INFO] PluginManage:310 - Check plugin tutovideos
2024-03-22 00:33:47,630 [INFO] PluginManage:359 - Loaded plugin tutovideos (category:base,tabindex:-1)
2024-03-22 00:33:47,630 [INFO] PluginManage:310 - Check plugin updater
2024-03-22 00:33:47,635 [INFO] PluginManage:359 - Loaded plugin updater (category:base,tabindex:12)
2024-03-22 00:33:47,635 [INFO] PluginManage:310 - Check plugin userauth
2024-03-22 00:33:47,638 [INFO] UserAuth:114 - Init User Auth plugin
2024-03-22 00:33:47,638 [INFO] PluginManage:359 - Loaded plugin userauth (category:base,tabindex:14)
2024-03-22 00:33:47,638 [INFO] PluginManage:283 - PluginManage : Loaded plugins [17]
2024-03-22 00:33:47,745 [INFO] PinOutPanel:1499 - setPackage(No Configuration,No Configuration)
2024-03-22 00:33:47,786 [INFO] CADModel:165 - CPN selected for project level
2024-03-22 00:33:47,786 [INFO] CADModel:114 - Register for checkConnection events
2024-03-22 00:33:47,794 [INFO] IPUIPlugin:80 - create IPUIPlugin
2024-03-22 00:33:47,795 [INFO] PluginManager:220 - loadIPPluginJar : add adc
2024-03-22 00:33:47,796 [INFO] IPUIPlugin:80 - create IPUIPlugin
2024-03-22 00:33:47,796 [INFO] PluginManager:220 - loadIPPluginJar : add aes
2024-03-22 00:33:47,797 [INFO] IPUIPlugin:80 - create IPUIPlugin
2024-03-22 00:33:47,797 [INFO] PluginManager:220 - loadIPPluginJar : add can
2024-03-22 00:33:47,798 [INFO] IPUIPlugin:80 - create IPUIPlugin
2024-03-22 00:33:47,798 [INFO] PluginManager:220 - loadIPPluginJar : add comp
2024-03-22 00:33:47,799 [INFO] IPUIPlugin:80 - create IPUIPlugin
2024-03-22 00:33:47,799 [INFO] PluginManager:220 - loadIPPluginJar : add cryp
2024-03-22 00:33:47,800 [INFO] IPUIPlugin:80 - create IPUIPlugin
2024-03-22 00:33:47,800 [INFO] PluginManager:220 - loadIPPluginJar : add dfsdm
2024-03-22 00:33:47,803 [INFO] IPUIPlugin:80 - create IPUIPlugin
2024-03-22 00:33:47,803 [INFO] PluginManager:220 - loadIPPluginJar : add dma
2024-03-22 00:33:47,804 [INFO] IPUIPlugin:80 - create IPUIPlugin
2024-03-22 00:33:47,804 [INFO] PluginManager:220 - loadIPPluginJar : add dma3
2024-03-22 00:33:47,805 [INFO] IPUIPlugin:80 - create IPUIPlugin
2024-03-22 00:33:47,805 [INFO] PluginManager:220 - loadIPPluginJar : add fatfs
2024-03-22 00:33:47,807 [INFO] IPUIPlugin:80 - create IPUIPlugin
2024-03-22 00:33:47,807 [INFO] PluginManager:220 - loadIPPluginJar : add fmc
2024-03-22 00:33:47,809 [INFO] IPUIPlugin:80 - create IPUIPlugin
2024-03-22 00:33:47,809 [INFO] PluginManager:220 - loadIPPluginJar : add freertos
2024-03-22 00:33:47,810 [INFO] IPUIPlugin:80 - create IPUIPlugin
2024-03-22 00:33:47,810 [INFO] PluginManager:220 - loadIPPluginJar : add genericplugin
2024-03-22 00:33:47,811 [INFO] IPUIPlugin:80 - create IPUIPlugin
2024-03-22 00:33:47,811 [INFO] PluginManager:220 - loadIPPluginJar : add gfxmmu
2024-03-22 00:33:47,813 [INFO] IPUIPlugin:80 - create IPUIPlugin
2024-03-22 00:33:47,813 [INFO] PluginManager:220 - loadIPPluginJar : add gic
2024-03-22 00:33:47,815 [INFO] IPUIPlugin:80 - create IPUIPlugin
2024-03-22 00:33:47,815 [INFO] PluginManager:220 - loadIPPluginJar : add gpio
2024-03-22 00:33:47,816 [INFO] IPUIPlugin:80 - create IPUIPlugin
2024-03-22 00:33:47,816 [INFO] PluginManager:220 - loadIPPluginJar : add gtzc
2024-03-22 00:33:47,817 [INFO] IPUIPlugin:80 - create IPUIPlugin
2024-03-22 00:33:47,817 [INFO] PluginManager:220 - loadIPPluginJar : add hash
2024-03-22 00:33:47,819 [INFO] IPUIPlugin:80 - create IPUIPlugin
2024-03-22 00:33:47,819 [INFO] PluginManager:220 - loadIPPluginJar : add i2c
2024-03-22 00:33:47,820 [INFO] IPUIPlugin:80 - create IPUIPlugin
2024-03-22 00:33:47,820 [INFO] PluginManager:220 - loadIPPluginJar : add i2s
2024-03-22 00:33:47,821 [INFO] IPUIPlugin:80 - create IPUIPlugin
2024-03-22 00:33:47,821 [INFO] PluginManager:220 - loadIPPluginJar : add i3c
2024-03-22 00:33:47,822 [INFO] IPUIPlugin:80 - create IPUIPlugin
2024-03-22 00:33:47,822 [INFO] PluginManager:220 - loadIPPluginJar : add ipddr
2024-03-22 00:33:47,826 [INFO] IPUIPlugin:80 - create IPUIPlugin
2024-03-22 00:33:47,826 [INFO] PluginManager:220 - loadIPPluginJar : add linkedlist
2024-03-22 00:33:47,827 [INFO] IPUIPlugin:80 - create IPUIPlugin
2024-03-22 00:33:47,827 [INFO] PluginManager:220 - loadIPPluginJar : add lorawan
2024-03-22 00:33:47,828 [INFO] IPUIPlugin:80 - create IPUIPlugin
2024-03-22 00:33:47,828 [INFO] PluginManager:220 - loadIPPluginJar : add ltdc
2024-03-22 00:33:47,830 [INFO] IPUIPlugin:80 - create IPUIPlugin
2024-03-22 00:33:47,830 [INFO] PluginManager:220 - loadIPPluginJar : add mdma
2024-03-22 00:33:47,832 [INFO] IPUIPlugin:80 - create IPUIPlugin
2024-03-22 00:33:47,832 [INFO] PluginManager:220 - loadIPPluginJar : add nvic
2024-03-22 00:33:47,833 [INFO] IPUIPlugin:80 - create IPUIPlugin
2024-03-22 00:33:47,834 [INFO] PluginManager:220 - loadIPPluginJar : add opamp
2024-03-22 00:33:47,835 [INFO] IPUIPlugin:80 - create IPUIPlugin
2024-03-22 00:33:47,835 [INFO] PluginManager:220 - loadIPPluginJar : add openamp
2024-03-22 00:33:47,836 [INFO] IPUIPlugin:80 - create IPUIPlugin
2024-03-22 00:33:47,836 [INFO] PluginManager:220 - loadIPPluginJar : add pdm2pcm
2024-03-22 00:33:47,839 [INFO] IPUIPlugin:80 - create IPUIPlugin
2024-03-22 00:33:47,841 [INFO] PluginManager:220 - loadIPPluginJar : add plateformsettings
2024-03-22 00:33:47,841 [INFO] IPUIPlugin:80 - create IPUIPlugin
2024-03-22 00:33:47,841 [INFO] PluginManager:220 - loadIPPluginJar : add quadspi
2024-03-22 00:33:47,843 [INFO] IPUIPlugin:80 - create IPUIPlugin
2024-03-22 00:33:47,843 [INFO] PluginManager:220 - loadIPPluginJar : add resmgrutility
2024-03-22 00:33:47,844 [INFO] IPUIPlugin:80 - create IPUIPlugin
2024-03-22 00:33:47,844 [INFO] PluginManager:220 - loadIPPluginJar : add sai
2024-03-22 00:33:47,845 [INFO] IPUIPlugin:80 - create IPUIPlugin
2024-03-22 00:33:47,845 [INFO] PluginManager:220 - loadIPPluginJar : add spi
2024-03-22 00:33:47,848 [INFO] IPUIPlugin:80 - create IPUIPlugin
2024-03-22 00:33:47,848 [INFO] PluginManager:220 - loadIPPluginJar : add stm32_wpan
2024-03-22 00:33:47,849 [INFO] IPUIPlugin:80 - create IPUIPlugin
2024-03-22 00:33:47,849 [INFO] PluginManager:220 - loadIPPluginJar : add tim
2024-03-22 00:33:47,850 [INFO] IPUIPlugin:80 - create IPUIPlugin
2024-03-22 00:33:47,850 [INFO] PluginManager:220 - loadIPPluginJar : add touchsensing
2024-03-22 00:33:47,851 [INFO] IPUIPlugin:80 - create IPUIPlugin
2024-03-22 00:33:47,851 [INFO] PluginManager:220 - loadIPPluginJar : add tracer_emb
2024-03-22 00:33:47,852 [INFO] IPUIPlugin:80 - create IPUIPlugin
2024-03-22 00:33:47,852 [INFO] PluginManager:220 - loadIPPluginJar : add ts
2024-03-22 00:33:47,853 [INFO] IPUIPlugin:80 - create IPUIPlugin
2024-03-22 00:33:47,853 [INFO] PluginManager:220 - loadIPPluginJar : add tsc
2024-03-22 00:33:47,853 [INFO] IPUIPlugin:80 - create IPUIPlugin
2024-03-22 00:33:47,853 [INFO] PluginManager:220 - loadIPPluginJar : add ucpd
2024-03-22 00:33:47,855 [INFO] IPUIPlugin:80 - create IPUIPlugin
2024-03-22 00:33:47,855 [INFO] PluginManager:220 - loadIPPluginJar : add usart
2024-03-22 00:33:47,856 [INFO] IPUIPlugin:80 - create IPUIPlugin
2024-03-22 00:33:47,856 [INFO] PluginManager:220 - loadIPPluginJar : add usbx
2024-03-22 00:33:47,959 [INFO] CADModel:165 - CPN selected for project level
2024-03-22 00:33:47,959 [INFO] CADModel:114 - Register for checkConnection events
2024-03-22 00:33:47,959 [FATAL] Updater:308 - Updater called before beeing initialized
2024-03-22 00:33:47,959 [ERROR] CADModel:125 - Updater not yet initialized, retry later 
2024-03-22 00:33:48,031 [INFO] CADModel:165 - CPN selected for project level
2024-03-22 00:33:48,032 [INFO] CADModel:114 - Register for checkConnection events
2024-03-22 00:33:48,032 [FATAL] Updater:308 - Updater called before beeing initialized
2024-03-22 00:33:48,032 [ERROR] CADModel:125 - Updater not yet initialized, retry later 
2024-03-22 00:33:48,033 [FATAL] Updater:308 - Updater called before beeing initialized
2024-03-22 00:33:48,093 [FATAL] Updater:308 - Updater called before beeing initialized
2024-03-22 00:33:48,096 [INFO] DbMcusAds:53 - JSON generation date=Wed Nov 29 19:52:27 KST 2023 (1701255147349)
2024-03-22 00:33:48,096 [FATAL] Updater:308 - Updater called before beeing initialized
2024-03-22 00:33:48,118 [WARN] DetailPanel:346 - Failed to get advertising image, set to default
2024-03-22 00:33:48,183 [FATAL] Updater:308 - Updater called before beeing initialized
2024-03-22 00:33:48,184 [FATAL] Updater:308 - Updater called before beeing initialized
2024-03-22 00:33:48,184 [FATAL] Updater:308 - Updater called before beeing initialized
2024-03-22 00:33:48,184 [WARN] DetailPanel:346 - Failed to get advertising image, set to default
2024-03-22 00:33:48,184 [FATAL] Updater:308 - Updater called before beeing initialized
2024-03-22 00:33:48,209 [ERROR] Updater:1120 - MainUpdater not yet initialized. External WinMGr cannot be set.
2024-03-22 00:33:48,210 [INFO] Updater:1056 - Updater Version found : 6.10.0
2024-03-22 00:33:48,220 [INFO] ApplicationProperties:184 - Using Application install path: C:\ST\STM32CubeIDE_1.14.1\STM32CubeIDE\plugins\com.st.stm32cube.common.mx_6.10.0.202311202037
2024-03-22 00:33:49,787 [ERROR] LogOutputStream:75 - [STDERR_REDIRECT] Mar 22, 2024 12:33:49 AM java.util.prefs.WindowsPreferences <init>
2024-03-22 00:33:49,788 [ERROR] LogOutputStream:75 - [STDERR_REDIRECT] WARNING: Could not open/create prefs root node Software\JavaSoft\Prefs at root 0xffffffff80000002. Windows RegCreateKeyEx(...) returned error code 5.
2024-03-22 00:33:49,788 [ERROR] LogOutputStream:75 - [STDERR_REDIRECT] 
2024-03-22 00:33:50,539 [INFO] ThirdPartyUpdaterWithRetryManager:70 - Updater plugin not ready yet. [2/15]
2024-03-22 00:33:51,294 [INFO] MainUpdater:2873 - connection check result : 10
2024-03-22 00:33:51,294 [INFO] MainUpdater:290 - Updater Check For Update Now.
2024-03-22 00:33:51,294 [INFO] MicroXplorer:498 - Change Database Version : DB.6.0.100
2024-03-22 00:33:51,297 [INFO] McuFinderGlobals:63 - Set McuFinder mode to 2 (CubeIDE integrated)
2024-03-22 00:33:51,448 [INFO] CheckServerUpdateThread:120 - End of CheckServer Thread
2024-03-22 00:33:51,530 [INFO] UserAuth:404 - Internet connection configuration mode: 1
2024-03-22 00:33:51,537 [INFO] JxBrowserEngine:152 - Initiate JxBrowser Engine with user profile folder
2024-03-22 00:33:51,828 [INFO] WebApp:161 - Instantiating new browser for Auth
2024-03-22 00:33:52,098 [INFO] WebApp:780 - Register for checkConnection events
2024-03-22 00:33:52,098 [INFO] WebApp:414 - Apply proxy settings
2024-03-22 00:33:52,098 [INFO] WebApp:499 - Chromium requires no authentication
2024-03-22 00:33:52,102 [INFO] WebApp:442 - Direct internet connection detected
2024-03-22 00:33:52,179 [INFO] WebApp:192 - Starting web application
2024-03-22 00:33:52,179 [INFO] WebApp:544 - Web application path used C:\ST\STM32CubeIDE_1.14.1\STM32CubeIDE\plugins\com.st.stm32cube.common.mx_6.10.0.202311202037\db\plugins\mcufinder\reactClient1\index.html
2024-03-22 00:33:53,620 [WARN] PackLoader:240 - Cannot read IP mode file for STMicroelectronics.X-CUBE-SMBUS.2.1.0
2024-03-22 00:33:53,635 [WARN] PackLoader:240 - Cannot read IP mode file for STMicroelectronics.X-CUBE-AZRTOS-F7.1.1.0
2024-03-22 00:33:53,641 [WARN] PackLoader:240 - Cannot read IP mode file for STMicroelectronics.FP-SNS-MOTENV1.4.3.2
2024-03-22 00:33:53,645 [WARN] PackLoader:240 - Cannot read IP mode file for STMicroelectronics.FP-SNS-FLIGHT1.5.0.2
2024-03-22 00:33:53,650 [WARN] PackLoader:240 - Cannot read IP mode file for STMicroelectronics.X-CUBE-DISPLAY.3.0.0
2024-03-22 00:33:53,657 [WARN] PackLoader:240 - Cannot read IP mode file for STMicroelectronics.X-CUBE-BLE1.7.0.0
2024-03-22 00:33:53,660 [WARN] PackLoader:240 - Cannot read IP mode file for STMicroelectronics.FP-SNS-SMARTAG2.1.2.0
2024-03-22 00:33:53,667 [INFO] LogOutputStream:77 - [STDOUT_REDIRECT] 1 : Invalid condition id : UX_CORESTACK_Condition cause : null
2024-03-22 00:33:53,667 [INFO] LogOutputStream:77 - [STDOUT_REDIRECT] 1 : Invalid condition id : UX_CORESTACK_Condition cause : null
2024-03-22 00:33:53,668 [INFO] LogOutputStream:77 - [STDOUT_REDIRECT] 1 : Invalid condition id : UX_CORESTACK_Condition cause : null
2024-03-22 00:33:53,669 [INFO] LogOutputStream:77 - [STDOUT_REDIRECT] 1 : Invalid condition id : UX_CORESTACK_Condition cause : null
2024-03-22 00:33:53,669 [INFO] LogOutputStream:77 - [STDOUT_REDIRECT] 1 : Invalid condition id : UX_CORESTACK_Condition cause : null
2024-03-22 00:33:53,671 [WARN] PackLoader:240 - Cannot read IP mode file for STMicroelectronics.X-CUBE-AZRTOS-WL.2.0.0
2024-03-22 00:33:53,676 [WARN] PackLoader:240 - Cannot read IP mode file for WES.I-CUBE-Cesium.1.3.0
2024-03-22 00:33:53,679 [WARN] PackLoader:240 - Cannot read IP mode file for STMicroelectronics.X-CUBE-BLE2.3.3.0
2024-03-22 00:33:53,683 [WARN] PackLoader:240 - Cannot read IP mode file for STMicroelectronics.X-CUBE-ALGOBUILD.1.3.0
2024-03-22 00:33:53,692 [WARN] PackLoader:240 - Cannot read IP mode file for STMicroelectronics.X-CUBE-AZRTOS-G0.1.1.0
2024-03-22 00:33:53,696 [WARN] PackLoader:240 - Cannot read IP mode file for STMicroelectronics.X-CUBE-NFC4.3.0.0
2024-03-22 00:33:53,699 [WARN] PackLoader:240 - Cannot read IP mode file for STMicroelectronics.FP-ATR-SIGFOX1.3.2.0
2024-03-22 00:33:53,729 [WARN] PackLoader:240 - Cannot read IP mode file for SEGGER.I-CUBE-embOS.1.3.1
2024-03-22 00:33:53,754 [WARN] PackLoader:240 - Cannot read IP mode file for STMicroelectronics.X-CUBE-GNSS1.6.0.0
2024-03-22 00:33:53,762 [WARN] PackLoader:240 - Cannot read IP mode file for STMicroelectronics.X-CUBE-AZRTOS-F4.1.1.0
2024-03-22 00:33:53,771 [WARN] PackLoader:240 - Cannot read IP mode file for STMicroelectronics.X-CUBE-AZRTOS-L5.2.0.0
2024-03-22 00:33:53,776 [WARN] PackLoader:240 - Cannot read IP mode file for STMicroelectronics.X-CUBE-NFC6.3.1.0
2024-03-22 00:33:53,779 [WARN] PackLoader:240 - Cannot read IP mode file for STMicroelectronics.X-CUBE-NFC7.1.0.1
2024-03-22 00:33:53,783 [WARN] PackLoader:240 - Cannot read IP mode file for STMicroelectronics.X-CUBE-NFC6.3.0.0
2024-03-22 00:33:53,786 [WARN] PackLoader:240 - Cannot read IP mode file for STMicroelectronics.X-CUBE-AI.8.1.0
2024-03-22 00:33:53,794 [WARN] ConditionMgr:438 - getConditionDescription Invalid condition id : LAN8742 Phy interface Condition cause : null
2024-03-22 00:33:53,794 [WARN] PackLoader:240 - Cannot read IP mode file for STMicroelectronics.X-CUBE-AZRTOS-L4.2.0.0
2024-03-22 00:33:53,795 [WARN] ConditionMgr:1039 - genDependencies : Invalid condition id : LAN8742 Phy interface Condition cause : null
2024-03-22 00:33:53,795 [WARN] ConditionMgr:1039 - genDependencies : Invalid condition id : LAN8742 Phy interface Condition cause : null
2024-03-22 00:33:53,795 [WARN] ConditionMgr:1039 - genDependencies : Invalid condition id : LAN8742 Phy interface Condition cause : null
2024-03-22 00:33:53,799 [WARN] PackLoader:240 - Cannot read IP mode file for STMicroelectronics.X-CUBE-SFXS2LP1.4.0.0
2024-03-22 00:33:53,805 [WARN] ConditionMgr:438 - getConditionDescription Invalid condition id : UX DEVICE CLASS RTOS Condition cause : null
2024-03-22 00:33:53,805 [WARN] ConditionMgr:438 - getConditionDescription Invalid condition id : UX DEVICE CLASS RTOS Condition cause : null
2024-03-22 00:33:53,806 [WARN] PackLoader:240 - Cannot read IP mode file for STMicroelectronics.X-CUBE-AZRTOS-WB.2.0.0
2024-03-22 00:33:53,806 [WARN] ConditionMgr:1039 - genDependencies : Invalid condition id : UX DEVICE CLASS RTOS Condition cause : null
2024-03-22 00:33:53,807 [WARN] ConditionMgr:1039 - genDependencies : Invalid condition id : UX DEVICE CLASS RTOS Condition cause : null
2024-03-22 00:33:53,807 [WARN] ConditionMgr:1039 - genDependencies : Invalid condition id : UX DEVICE CLASS RTOS Condition cause : null
2024-03-22 00:33:53,807 [WARN] ConditionMgr:1039 - genDependencies : Invalid condition id : UX DEVICE CLASS RTOS Condition cause : null
2024-03-22 00:33:53,807 [WARN] ConditionMgr:1039 - genDependencies : Invalid condition id : UX DEVICE CLASS RTOS Condition cause : null
2024-03-22 00:33:53,812 [WARN] PackLoader:240 - Cannot read IP mode file for STMicroelectronics.X-CUBE-SUBG2.5.0.0
2024-03-22 00:33:53,821 [WARN] PackLoader:240 - Cannot read IP mode file for STMicroelectronics.X-CUBE-AZRTOS-G4.2.0.0
2024-03-22 00:33:53,827 [WARN] PackLoader:240 - Cannot read IP mode file for Infineon.AIROC-Wi-Fi-Bluetooth-STM32.1.5.1
2024-03-22 00:33:53,847 [WARN] PackLoader:240 - Cannot read IP mode file for STMicroelectronics.X-CUBE-MEMS1.10.0.0
2024-03-22 00:33:53,904 [WARN] PackLoader:240 - Cannot read IP mode file for STMicroelectronics.X-CUBE-FREERTOS.1.1.0
2024-03-22 00:33:53,907 [WARN] PackLoader:240 - Cannot read IP mode file for portGmbH.I-Cube-SoM-uGOAL.1.1.0
2024-03-22 00:33:53,910 [WARN] PackLoader:240 - Cannot read IP mode file for STMicroelectronics.X-CUBE-ALS.1.0.1
2024-03-22 00:33:53,913 [WARN] PackLoader:240 - Cannot read IP mode file for STMicroelectronics.FP-ATR-ASTRA1.2.0.0
2024-03-22 00:33:53,919 [WARN] PackLoader:240 - Cannot read IP mode file for STMicroelectronics.X-CUBE-TOF1.3.4.0
2024-03-22 00:33:53,930 [WARN] PackLoader:240 - Cannot read IP mode file for STMicroelectronics.X-CUBE-TOF1.3.4.1
2024-03-22 00:33:53,936 [INFO] ThirdParty:978 - Integrity check success = true
2024-03-22 00:33:53,936 [INFO] IntegrityCheckThread:100 - exiting critical section [integrity check]
2024-03-22 00:33:53,936 [INFO] IntegrityCheckThread:103 - End integrity checks thread
2024-03-22 00:34:12,666 [ERROR] LogOutputStream:75 - [STDERR_REDIRECT] SLF4J: Failed to load class "org.slf4j.impl.StaticLoggerBinder".
2024-03-22 00:34:12,668 [ERROR] LogOutputStream:75 - [STDERR_REDIRECT] SLF4J: Defaulting to no-operation (NOP) logger implementation
2024-03-22 00:34:12,669 [ERROR] LogOutputStream:75 - [STDERR_REDIRECT] SLF4J: See http://www.slf4j.org/codes.html#StaticLoggerBinder for further details.
